-------------------------------------------------------------------------------
Test set: com.signumapp.controller.TimelineControllerIntegrationTest
-------------------------------------------------------------------------------
Tests run: 2, Failures: 0, Errors: 2, Skipped: 0, Time elapsed: 0.708 s <<< FAILURE! - in com.signumapp.controller.TimelineControllerIntegrationTest
getTimelineTags  Time elapsed: 0 s  <<< ERROR!
java.lang.IllegalStateException: Failed to load ApplicationContext
Caused by: org.springframework.beans.factory.UnsatisfiedDependencyException: Error creating bean with name 'chatService' defined in file [c:\Users\Rao\OneDrive\Desktop\SignumBook\backend\target\classes\com\signumapp\chat\ChatService.class]: Unsatisfied dependency expressed through constructor parameter 2; nested exception is org.springframework.beans.factory.NoSuchBeanDefinitionException: No qualifying bean of type 'org.modelmapper.ModelMapper' available: expected at least 1 bean which qualifies as autowire candidate. Dependency annotations: {}
Caused by: org.springframework.beans.factory.NoSuchBeanDefinitionException: No qualifying bean of type 'org.modelmapper.ModelMapper' available: expected at least 1 bean which qualifies as autowire candidate. Dependency annotations: {}

getTimelinePosts  Time elapsed: 0 s  <<< ERROR!
java.lang.IllegalStateException: Failed to load ApplicationContext
Caused by: org.springframework.beans.factory.UnsatisfiedDependencyException: Error creating bean with name 'chatService' defined in file [c:\Users\Rao\OneDrive\Desktop\SignumBook\backend\target\classes\com\signumapp\chat\ChatService.class]: Unsatisfied dependency expressed through constructor parameter 2; nested exception is org.springframework.beans.factory.NoSuchBeanDefinitionException: No qualifying bean of type 'org.modelmapper.ModelMapper' available: expected at least 1 bean which qualifies as autowire candidate. Dependency annotations: {}
Caused by: org.springframework.beans.factory.NoSuchBeanDefinitionException: No qualifying bean of type 'org.modelmapper.ModelMapper' available: expected at least 1 bean which qualifies as autowire candidate. Dependency annotations: {}

